Start testing: Feb 26 14:51 CET
----------------------------------------------------------
1/1 Testing: ft_containers_gtest
1/1 Test: ft_containers_gtest
Command: "/Users/frthierr/studlife/ft_containers/build/test/ft_containers_gtest"
Directory: /Users/frthierr/studlife/ft_containers/build/test
"ft_containers_gtest" start time: Feb 26 14:51 CET
Output:
----------------------------------------------------------
Running main() from /Users/frthierr/studlife/ft_containers/googletest/googletest/src/gtest_main.cc
[==========] Running 2 tests from 1 test suite.
[----------] Global test environment set-up.
[----------] 2 tests from VectorTests
[ RUN      ] VectorTests.VTEST_SIZE
[       OK ] VectorTests.VTEST_SIZE (0 ms)
[ RUN      ] VectorTests.VTEST_TRUE
[       OK ] VectorTests.VTEST_TRUE (0 ms)
[----------] 2 tests from VectorTests (0 ms total)

[----------] Global test environment tear-down
[==========] 2 tests from 1 test suite ran. (0 ms total)
[  PASSED  ] 2 tests.
<end of output>
Test time =   0.00 sec
----------------------------------------------------------
Test Passed.
"ft_containers_gtest" end time: Feb 26 14:51 CET
"ft_containers_gtest" time elapsed: 00:00:00
----------------------------------------------------------

End testing: Feb 26 14:51 CET
