Start testing: Feb 23 15:12 CET
----------------------------------------------------------
1/1 Testing: ft_containers_gtest
1/1 Test: ft_containers_gtest
Command: "/Users/frthierr/studlife/ft_containers/build/test/ft_containers_gtest"
Directory: /Users/frthierr/studlife/ft_containers/build/test
"ft_containers_gtest" start time: Feb 23 15:12 CET
Output:
----------------------------------------------------------
Running main() from /Users/frthierr/studlife/ft_containers/googletest/googletest/src/gtest_main.cc
[==========] Running 2 tests from 2 test suites.
[----------] Global test environment set-up.
[----------] 1 test from test1
[ RUN      ] test1.DemonstrateGTestMacros
/Users/frthierr/studlife/ft_containers/test/ExampleTests.cpp:16: Failure
Value of: false
  Actual: false
Expected: true
[  FAILED  ] test1.DemonstrateGTestMacros (0 ms)
[----------] 1 test from test1 (0 ms total)

[----------] 1 test from test2
[ RUN      ] test2.SecondDem
[       OK ] test2.SecondDem (0 ms)
[----------] 1 test from test2 (0 ms total)

[----------] Global test environment tear-down
[==========] 2 tests from 2 test suites ran. (0 ms total)
[  PASSED  ] 1 test.
[  FAILED  ] 1 test, listed below:
[  FAILED  ] test1.DemonstrateGTestMacros

 1 FAILED TEST
<end of output>
Test time =   0.00 sec
----------------------------------------------------------
Test Failed.
"ft_containers_gtest" end time: Feb 23 15:12 CET
"ft_containers_gtest" time elapsed: 00:00:00
----------------------------------------------------------

End testing: Feb 23 15:12 CET
