Start testing: May 20 15:43 CEST
----------------------------------------------------------
1/1 Testing: gtest_ft_containers
1/1 Test: gtest_ft_containers
Command: "/Users/frthierr/workplace/ft_containers/build/test/gtest_ft_containers"
Directory: /Users/frthierr/workplace/ft_containers/build/test
"gtest_ft_containers" start time: May 20 15:43 CEST
Output:
----------------------------------------------------------
Running main() from /Users/frthierr/workplace/ft_containers/googletest/googletest/src/gtest_main.cc
[0;32m[==========] [mRunning 70 tests from 16 test suites.
[0;32m[----------] [mGlobal test environment set-up.
[0;32m[----------] [m3 tests from TVector_Constructor
[0;32m[ RUN      ] [mTVector_Constructor.def
[0;32m[       OK ] [mTVector_Constructor.def (0 ms)
[0;32m[ RUN      ] [mTVector_Constructor.fill
[0;32m[       OK ] [mTVector_Constructor.fill (0 ms)
[0;32m[ RUN      ] [mTVector_Constructor.range
[0;32m[       OK ] [mTVector_Constructor.range (0 ms)
[0;32m[----------] [m3 tests from TVector_Constructor (0 ms total)

[0;32m[----------] [m4 tests from TVector_Iterator
[0;32m[ RUN      ] [mTVector_Iterator.begin
[0;32m[       OK ] [mTVector_Iterator.begin (0 ms)
[0;32m[ RUN      ] [mTVector_Iterator.end
[0;32m[       OK ] [mTVector_Iterator.end (0 ms)
[0;32m[ RUN      ] [mTVector_Iterator.rbegin
[0;32m[       OK ] [mTVector_Iterator.rbegin (0 ms)
[0;32m[ RUN      ] [mTVector_Iterator.rend
[0;32m[       OK ] [mTVector_Iterator.rend (0 ms)
[0;32m[----------] [m4 tests from TVector_Iterator (0 ms total)

[0;32m[----------] [m5 tests from TVector_Capacity
[0;32m[ RUN      ] [mTVector_Capacity.size
[0;32m[       OK ] [mTVector_Capacity.size (0 ms)
[0;32m[ RUN      ] [mTVector_Capacity.capacity
[0;32m[       OK ] [mTVector_Capacity.capacity (0 ms)
[0;32m[ RUN      ] [mTVector_Capacity.resize
[0;32m[       OK ] [mTVector_Capacity.resize (0 ms)
[0;32m[ RUN      ] [mTVector_Capacity.empty
[0;32m[       OK ] [mTVector_Capacity.empty (0 ms)
[0;32m[ RUN      ] [mTVector_Capacity.reserve
[0;32m[       OK ] [mTVector_Capacity.reserve (0 ms)
[0;32m[----------] [m5 tests from TVector_Capacity (0 ms total)

[0;32m[----------] [m4 tests from TVector_ElementAccess
[0;32m[ RUN      ] [mTVector_ElementAccess.operator_square_brackets
[0;32m[       OK ] [mTVector_ElementAccess.operator_square_brackets (0 ms)
[0;32m[ RUN      ] [mTVector_ElementAccess.at
[0;32m[       OK ] [mTVector_ElementAccess.at (0 ms)
[0;32m[ RUN      ] [mTVector_ElementAccess.front
[0;32m[       OK ] [mTVector_ElementAccess.front (0 ms)
[0;32m[ RUN      ] [mTVector_ElementAccess.back
[0;32m[       OK ] [mTVector_ElementAccess.back (0 ms)
[0;32m[----------] [m4 tests from TVector_ElementAccess (0 ms total)

[0;32m[----------] [m6 tests from TVector_Modifiers
[0;32m[ RUN      ] [mTVector_Modifiers.assign
[0;32m[       OK ] [mTVector_Modifiers.assign (0 ms)
[0;32m[ RUN      ] [mTVector_Modifiers.push_back
[0;32m[       OK ] [mTVector_Modifiers.push_back (0 ms)
[0;32m[ RUN      ] [mTVector_Modifiers.pop_back
[0;32m[       OK ] [mTVector_Modifiers.pop_back (0 ms)
[0;32m[ RUN      ] [mTVector_Modifiers.insert
[0;32m[       OK ] [mTVector_Modifiers.insert (0 ms)
[0;32m[ RUN      ] [mTVector_Modifiers.erase
[0;32m[       OK ] [mTVector_Modifiers.erase (0 ms)
[0;32m[ RUN      ] [mTVector_Modifiers.swap
[0;32m[       OK ] [mTVector_Modifiers.swap (0 ms)
[0;32m[----------] [m6 tests from TVector_Modifiers (0 ms total)

[0;32m[----------] [m7 tests from TVector_NonMembers
[0;32m[ RUN      ] [mTVector_NonMembers.equality_operator
[0;32m[       OK ] [mTVector_NonMembers.equality_operator (0 ms)
[0;32m[ RUN      ] [mTVector_NonMembers.inequality_operator
[0;32m[       OK ] [mTVector_NonMembers.inequality_operator (0 ms)
[0;32m[ RUN      ] [mTVector_NonMembers.less_operator
[0;32m[       OK ] [mTVector_NonMembers.less_operator (0 ms)
[0;32m[ RUN      ] [mTVector_NonMembers.more_operator
[0;32m[       OK ] [mTVector_NonMembers.more_operator (0 ms)
[0;32m[ RUN      ] [mTVector_NonMembers.less_equality_operator
[0;32m[       OK ] [mTVector_NonMembers.less_equality_operator (0 ms)
[0;32m[ RUN      ] [mTVector_NonMembers.more_equality_operator
[0;32m[       OK ] [mTVector_NonMembers.more_equality_operator (0 ms)
[0;32m[ RUN      ] [mTVector_NonMembers.swap
[0;32m[       OK ] [mTVector_NonMembers.swap (0 ms)
[0;32m[----------] [m7 tests from TVector_NonMembers (0 ms total)

[0;32m[----------] [m4 tests from TList_Constructor
[0;32m[ RUN      ] [mTList_Constructor.def
[0;32m[       OK ] [mTList_Constructor.def (0 ms)
[0;32m[ RUN      ] [mTList_Constructor.fill
[0;32m[       OK ] [mTList_Constructor.fill (0 ms)
[0;32m[ RUN      ] [mTList_Constructor.range
5
[0;32m[       OK ] [mTList_Constructor.range (0 ms)
[0;32m[ RUN      ] [mTList_Constructor.copy
[0;32m[       OK ] [mTList_Constructor.copy (0 ms)
[0;32m[----------] [m4 tests from TList_Constructor (0 ms total)

[0;32m[----------] [m4 tests from TList_Iterator
[0;32m[ RUN      ] [mTList_Iterator.begin
[0;32m[       OK ] [mTList_Iterator.begin (0 ms)
[0;32m[ RUN      ] [mTList_Iterator.end
[0;32m[       OK ] [mTList_Iterator.end (0 ms)
[0;32m[ RUN      ] [mTList_Iterator.rbegin
[0;32m[       OK ] [mTList_Iterator.rbegin (0 ms)
[0;32m[ RUN      ] [mTList_Iterator.rend
[0;32m[       OK ] [mTList_Iterator.rend (0 ms)
[0;32m[----------] [m4 tests from TList_Iterator (0 ms total)

[0;32m[----------] [m1 test from TList_Capacity
[0;32m[ RUN      ] [mTList_Capacity.empty
[0;32m[       OK ] [mTList_Capacity.empty (0 ms)
[0;32m[----------] [m1 test from TList_Capacity (0 ms total)

[0;32m[----------] [m2 tests from TList_ElementAccess
[0;32m[ RUN      ] [mTList_ElementAccess.front
[0;32m[       OK ] [mTList_ElementAccess.front (0 ms)
[0;32m[ RUN      ] [mTList_ElementAccess.back
[0;32m[       OK ] [mTList_ElementAccess.back (0 ms)
[0;32m[----------] [m2 tests from TList_ElementAccess (0 ms total)

[0;32m[----------] [m10 tests from TList_Modifiers
[0;32m[ RUN      ] [mTList_Modifiers.assign
[0;32m[       OK ] [mTList_Modifiers.assign (0 ms)
[0;32m[ RUN      ] [mTList_Modifiers.push_front
[0;32m[       OK ] [mTList_Modifiers.push_front (0 ms)
[0;32m[ RUN      ] [mTList_Modifiers.pop_front
[0;32m[       OK ] [mTList_Modifiers.pop_front (0 ms)
[0;32m[ RUN      ] [mTList_Modifiers.push_back
[0;32m[       OK ] [mTList_Modifiers.push_back (0 ms)
[0;32m[ RUN      ] [mTList_Modifiers.pop_back
[0;32m[       OK ] [mTList_Modifiers.pop_back (0 ms)
[0;32m[ RUN      ] [mTList_Modifiers.insert
[0;32m[       OK ] [mTList_Modifiers.insert (0 ms)
[0;32m[ RUN      ] [mTList_Modifiers.erase
[0;32m[       OK ] [mTList_Modifiers.erase (0 ms)
[0;32m[ RUN      ] [mTList_Modifiers.swap
[0;32m[       OK ] [mTList_Modifiers.swap (0 ms)
[0;32m[ RUN      ] [mTList_Modifiers.resize
[0;32m[       OK ] [mTList_Modifiers.resize (0 ms)
[0;32m[ RUN      ] [mTList_Modifiers.clear
[0;32m[       OK ] [mTList_Modifiers.clear (0 ms)
[0;32m[----------] [m10 tests from TList_Modifiers (0 ms total)

[0;32m[----------] [m7 tests from TList_Operators
[0;32m[ RUN      ] [mTList_Operators.splice
[0;32m[       OK ] [mTList_Operators.splice (0 ms)
[0;32m[ RUN      ] [mTList_Operators.remove
[0;32m[       OK ] [mTList_Operators.remove (0 ms)
[0;32m[ RUN      ] [mTList_Operators.remove_if
[0;32m[       OK ] [mTList_Operators.remove_if (0 ms)
[0;32m[ RUN      ] [mTList_Operators.unique
[0;32m[       OK ] [mTList_Operators.unique (0 ms)
[0;32m[ RUN      ] [mTList_Operators.merge
[0;32m[       OK ] [mTList_Operators.merge (0 ms)
[0;32m[ RUN      ] [mTList_Operators.sort
[0;32m[       OK ] [mTList_Operators.sort (0 ms)
[0;32m[ RUN      ] [mTList_Operators.reverse
[0;32m[       OK ] [mTList_Operators.reverse (0 ms)
[0;32m[----------] [m7 tests from TList_Operators (0 ms total)

[0;32m[----------] [m7 tests from TList_NonMembers
[0;32m[ RUN      ] [mTList_NonMembers.equality_operator
[0;32m[       OK ] [mTList_NonMembers.equality_operator (0 ms)
[0;32m[ RUN      ] [mTList_NonMembers.inequality_operator
[0;32m[       OK ] [mTList_NonMembers.inequality_operator (0 ms)
[0;32m[ RUN      ] [mTList_NonMembers.less_operator
[0;32m[       OK ] [mTList_NonMembers.less_operator (0 ms)
[0;32m[ RUN      ] [mTList_NonMembers.more_operator
[0;32m[       OK ] [mTList_NonMembers.more_operator (0 ms)
[0;32m[ RUN      ] [mTList_NonMembers.less_equality_operator
[0;32m[       OK ] [mTList_NonMembers.less_equality_operator (0 ms)
[0;32m[ RUN      ] [mTList_NonMembers.more_equality_operator
[0;32m[       OK ] [mTList_NonMembers.more_equality_operator (0 ms)
[0;32m[ RUN      ] [mTList_NonMembers.swap
[0;32m[       OK ] [mTList_NonMembers.swap (0 ms)
[0;32m[----------] [m7 tests from TList_NonMembers (0 ms total)

[0;32m[----------] [m3 tests from Tpair
[0;32m[ RUN      ] [mTpair.constructors
[0;32m[       OK ] [mTpair.constructors (0 ms)
[0;32m[ RUN      ] [mTpair.make_pair
[0;32m[       OK ] [mTpair.make_pair (0 ms)
[0;32m[ RUN      ] [mTpair.relational_operators
[0;32m[       OK ] [mTpair.relational_operators (0 ms)
[0;32m[----------] [m3 tests from Tpair (0 ms total)

[0;32m[----------] [m2 tests from Tcompare
[0;32m[ RUN      ] [mTcompare.less
[0;32m[       OK ] [mTcompare.less (0 ms)
[0;32m[ RUN      ] [mTcompare.equal_to
[0;32m[       OK ] [mTcompare.equal_to (0 ms)
[0;32m[----------] [m2 tests from Tcompare (0 ms total)

[0;32m[----------] [m1 test from TMap_Constructors
[0;32m[ RUN      ] [mTMap_Constructors.def
[0;32m[       OK ] [mTMap_Constructors.def (0 ms)
[0;32m[----------] [m1 test from TMap_Constructors (0 ms total)

[0;32m[----------] [mGlobal test environment tear-down
[0;32m[==========] [m70 tests from 16 test suites ran. (2 ms total)
[0;32m[  PASSED  ] [m70 tests.
<end of output>
Test time =   0.01 sec
----------------------------------------------------------
Test Passed.
"gtest_ft_containers" end time: May 20 15:43 CEST
"gtest_ft_containers" time elapsed: 00:00:00
----------------------------------------------------------

End testing: May 20 15:43 CEST
