<?xml version="1.0" encoding="UTF-8"?>
<Site BuildName="(empty)"
	BuildStamp="20210226-0808-Experimental"
	Name="(empty)"
	Generator="ctest-3.17.3"
	CompilerName=""
	CompilerVersion=""
	OSName="Mac OS X"
	Hostname="e2r5p12.42.fr"
	OSRelease="10.14.6"
	OSVersion="18G8022"
	OSPlatform="x86_64"
	Is64Bits="1"
	VendorString="GenuineIntel"
	VendorID="Intel Corporation"
	FamilyID="6"
	ModelID="58"
	ProcessorCacheSize="32768"
	NumberOfLogicalCPU="4"
	NumberOfPhysicalCPU="4"
	TotalVirtualMemory="0"
	TotalPhysicalMemory="8192"
	LogicalProcessorsPerPhysical="8"
	ProcessorClockFrequency="2900"
	>
	<Testing>
		<StartDateTime>Feb 26 14:51 CET</StartDateTime>
		<StartTestTime>1614347487</StartTestTime>
		<TestList>
			<Test>./test/ft_containers_gtest</Test>
		</TestList>
		<Test Status="passed">
			<Name>ft_containers_gtest</Name>
			<Path>./test</Path>
			<FullName>./test/ft_containers_gtest</FullName>
			<FullCommandLine>/Users/frthierr/studlife/ft_containers/build/test/ft_containers_gtest</FullCommandLine>
			<Results>
				<NamedMeasurement type="numeric/double" name="Execution Time">
					<Value>0.00470654</Value>
				</NamedMeasurement>
				<NamedMeasurement type="numeric/double" name="Processors">
					<Value>1</Value>
				</NamedMeasurement>
				<NamedMeasurement type="text/string" name="Completion Status">
					<Value>Completed</Value>
				</NamedMeasurement>
				<NamedMeasurement type="text/string" name="Command Line">
					<Value>/Users/frthierr/studlife/ft_containers/build/test/ft_containers_gtest</Value>
				</NamedMeasurement>
				<Measurement>
					<Value encoding="base64" compression="gzip">eJyNkc1qwzAQhO96ij3GB0tt7z0UakopJMU/OdQYoyprVyBLRVq3r18rDiYuhGROK+2nWWaVj9Zq28Mgtd0k0Hk3gKgC+iA6T18avReBxoPRHYqOWuUsTWjs9871BgkDnZfBK9HHqo2WXClWPy5qID/Ne4DIhHng/fEAYdSEnNXpogZejPuUZu6j/dHe2QHtxCKl4/c/eGW6R0XOl/GC1ZBXWziqOW/wfZkVZVu8fmQTM2v3dpGBzR0MIblmV+bVVbvILHa3ZJhhIEfSJOy2JRFKnx7cr13/wcXdg5eWrwdNMd6fiiJ7jlFPDzn7A+DasmY=</Value>
				</Measurement>
			</Results>
		</Test>
		<EndDateTime>Feb 26 14:51 CET</EndDateTime>
		<EndTestTime>1614347487</EndTestTime>
		<ElapsedMinutes>0</ElapsedMinutes>
	</Testing>
</Site>
