In file included from /Users/frthierr/workplace/ft_containers/test/srcs/map/TMap_Constructors.cpp:13:
In file included from /Users/frthierr/workplace/ft_containers/srcs/ft_containers.hpp:43:
/Users/frthierr/workplace/ft_containers/srcs/containers/map.hpp:74:22: error: no viable conversion from 'std::__1::__map_iterator<std::__1::__tree_iterator<std::__1::__value_type<int, int>, std::__1::__tree_node<std::__1::__value_type<int, int>, void *> *, long> >::value_type' (aka 'pair<const int, int>') to 'const ft::map<int, int, ft::less<int>, std::__1::allocator<ft::pair<const int, int> > >::value_type' (aka 'const pair<const int, int>')
                                        _insert_element(*first, _root);
                                                        ^~~~~~
/Users/frthierr/workplace/ft_containers/test/srcs/map/TMap_Constructors.cpp:39:20: note: in instantiation of function template specialization 'ft::map<int, int, ft::less<int>, std::__1::allocator<ft::pair<const int, int> > >::map<std::__1::__map_iterator<std::__1::__tree_iterator<std::__1::__value_type<int, int>, std::__1::__tree_node<std::__1::__value_type<int, int>, void *> *, long> > >' requested here
        ft::map<int, int> m(v.begin(), v.end());
                          ^
/Users/frthierr/workplace/ft_containers/srcs/templates/pair.hpp:23:7: note: candidate constructor (the implicit copy constructor) not viable: no known conversion from 'std::__1::__map_iterator<std::__1::__tree_iterator<std::__1::__value_type<int, int>, std::__1::__tree_node<std::__1::__value_type<int, int>, void *> *, long> >::value_type' (aka 'pair<const int, int>') to 'const ft::pair<const int, int> &' for 1st argument
class pair {
      ^
/Users/frthierr/workplace/ft_containers/srcs/templates/pair.hpp:35:3: note: candidate template ignored: could not match 'ft::pair' against 'std::__1::pair'
                pair(const pair<U1, U2>& p): first(p.first), second(p.first) {}
                ^
/Users/frthierr/workplace/ft_containers/srcs/containers/map.hpp:154:43: note: passing argument to parameter 'content' here
                bst*            _insert_element(const value_type& content, bst* node) {
                                                                  ^
/Users/frthierr/workplace/ft_containers/srcs/containers/map.hpp:82:11: error: no matching conversion for functional-style cast from 'bst<ft::pair<const int, int> > *' to 'ft::map<int, int, ft::less<int>, std::__1::allocator<ft::pair<const int, int> > >::iterator' (aka 'map_iterator<int, false>')
                        return iterator(ft::_min_value(_root));
                               ^~~~~~~~~~~~~~~~~~~~~~~~~~~~~~
/Users/frthierr/workplace/ft_containers/test/srcs/map/TMap_Constructors.cpp:41:42: note: in instantiation of member function 'ft::map<int, int, ft::less<int>, std::__1::allocator<ft::pair<const int, int> > >::begin' requested here
        for (ft::map<int, int>::iterator it = m.begin() ; it != m.end() && it2 != v.end() ; it++, it2++)
                                                ^
/Users/frthierr/workplace/ft_containers/srcs/iterators/map_iterator.hpp:34:4: note: candidate constructor not viable: no known conversion from 'bst<ft::pair<const int, int> > *' to 'ft::map_iterator<int, false>::nodePtr' (aka 'bst<int> *') for 1st argument
                        map_iterator(nodePtr ptr = 0): _current(ptr) {}
                        ^
/Users/frthierr/workplace/ft_containers/srcs/iterators/map_iterator.hpp:35:4: note: candidate constructor not viable: no known conversion from 'bst<ft::pair<const int, int> > *' to 'const map_iterator<int, false>' for 1st argument
                        map_iterator(const map_iterator<T, false> &src) { _current = src.getNodePtr(); }
                        ^
In file included from /Users/frthierr/workplace/ft_containers/test/srcs/map/TMap_Constructors.cpp:13:
In file included from /Users/frthierr/workplace/ft_containers/srcs/ft_containers.hpp:43:
/Users/frthierr/workplace/ft_containers/srcs/containers/map.hpp:88:11: error: no matching conversion for functional-style cast from 'ft::map<int, int, ft::less<int>, std::__1::allocator<ft::pair<const int, int> > >::bst *' (aka 'bst<pair<const int, int> > *') to 'ft::map<int, int, ft::less<int>, std::__1::allocator<ft::pair<const int, int> > >::iterator' (aka 'map_iterator<int, false>')
                        return iterator(_end);
                               ^~~~~~~~~~~~~
/Users/frthierr/workplace/ft_containers/test/srcs/map/TMap_Constructors.cpp:41:60: note: in instantiation of member function 'ft::map<int, int, ft::less<int>, std::__1::allocator<ft::pair<const int, int> > >::end' requested here
        for (ft::map<int, int>::iterator it = m.begin() ; it != m.end() && it2 != v.end() ; it++, it2++)
                                                                  ^
/Users/frthierr/workplace/ft_containers/srcs/iterators/map_iterator.hpp:34:4: note: candidate constructor not viable: no known conversion from 'ft::map<int, int, ft::less<int>, std::__1::allocator<ft::pair<const int, int> > >::bst *' (aka 'bst<pair<const int, int> > *') to 'ft::map_iterator<int, false>::nodePtr' (aka 'bst<int> *') for 1st argument
                        map_iterator(nodePtr ptr = 0): _current(ptr) {}
                        ^
/Users/frthierr/workplace/ft_containers/srcs/iterators/map_iterator.hpp:35:4: note: candidate constructor not viable: no known conversion from 'ft::map<int, int, ft::less<int>, std::__1::allocator<ft::pair<const int, int> > >::bst *' (aka 'bst<pair<const int, int> > *') to 'const map_iterator<int, false>' for 1st argument
                        map_iterator(const map_iterator<T, false> &src) { _current = src.getNodePtr(); }
                        ^
/Users/frthierr/workplace/ft_containers/srcs/iterators/map_iterator.hpp:68:78: error: invalid operands to binary expression ('const ft::map_iterator<int, false>::bst' (aka 'const bst<int>') and 'const ft::map_iterator<int, false>::bst')
                        bool                    operator!=( const map_iterator &it ) const { return this->_current != it._current; }
                                                                                                    ~~~~~~~~~~~~~~ ^  ~~~~~~~~~~~
/Users/frthierr/workplace/ft_containers/test/srcs/map/TMap_Constructors.cpp:41:55: note: in instantiation of member function 'ft::map_iterator<int, false>::operator!=' requested here
        for (ft::map<int, int>::iterator it = m.begin() ; it != m.end() && it2 != v.end() ; it++, it2++)
                                                             ^
/Users/frthierr/workplace/ft_containers/srcs/containers/vector.hpp:296:7: note: candidate template ignored: could not match 'vector' against 'bst'
        bool operator!= (const vector<T, Alloc> &lhs, const vector<T, Alloc> &rhs) {
             ^
/Users/frthierr/workplace/ft_containers/srcs/containers/list.hpp:413:8: note: candidate template ignored: could not match 'list' against 'bst'
                bool operator!=(const list<T,Alloc>& lhs, const list<T,Alloc>& rhs) {
                     ^
/Users/frthierr/workplace/ft_containers/srcs/templates/pair.hpp:61:6: note: candidate template ignored: could not match 'pair' against 'bst'
bool operator!=(const pair<T1, T2>& lhs, const pair<T1, T2>& rhs) {
     ^
In file included from /Users/frthierr/workplace/ft_containers/test/srcs/map/TMap_Constructors.cpp:13:
In file included from /Users/frthierr/workplace/ft_containers/srcs/ft_containers.hpp:42:
/Users/frthierr/workplace/ft_containers/srcs/iterators/map_iterator.hpp:35:63: error: no viable overloaded '='
                        map_iterator(const map_iterator<T, false> &src) { _current = src.getNodePtr(); }
                                                                          ~~~~~~~~ ^ ~~~~~~~~~~~~~~~~
/Users/frthierr/workplace/ft_containers/srcs/iterators/map_iterator.hpp:53:18: note: in instantiation of member function 'ft::map_iterator<int, false>::map_iterator' requested here
                                map_iterator    tmp(*this);
                                                ^
/Users/frthierr/workplace/ft_containers/test/srcs/map/TMap_Constructors.cpp:41:88: note: in instantiation of member function 'ft::map_iterator<int, false>::operator++' requested here
        for (ft::map<int, int>::iterator it = m.begin() ; it != m.end() && it2 != v.end() ; it++, it2++)
                                                                                              ^
/Users/frthierr/workplace/ft_containers/srcs/templates/bst.hpp:22:8: note: candidate function (the implicit copy assignment operator) not viable: no known conversion from 'ft::map_iterator<int, false>::nodePtr' (aka 'bst<int> *') to 'const ft::bst<int>' for 1st argument; dereference the argument with *
struct bst {
       ^
/Users/frthierr/workplace/ft_containers/srcs/templates/bst.hpp:22:8: note: candidate function (the implicit move assignment operator) not viable: no known conversion from 'ft::map_iterator<int, false>::nodePtr' (aka 'bst<int> *') to 'ft::bst<int>' for 1st argument; dereference the argument with *
struct bst {
       ^
In file included from /Users/frthierr/workplace/ft_containers/test/srcs/map/TMap_Constructors.cpp:13:
In file included from /Users/frthierr/workplace/ft_containers/srcs/ft_containers.hpp:42:
/Users/frthierr/workplace/ft_containers/srcs/iterators/map_iterator.hpp:38:42: error: no viable conversion from returned value of type 'const ft::map_iterator<int, false>::bst' (aka 'const bst<int>') to function return type 'ft::map_iterator<int, false>::nodePtr' (aka 'bst<int> *')
                        nodePtr                 getNodePtr() const { return _current; }
                                                                            ^~~~~~~~
/Users/frthierr/workplace/ft_containers/srcs/iterators/map_iterator.hpp:35:69: note: in instantiation of member function 'ft::map_iterator<int, false>::getNodePtr' requested here
                        map_iterator(const map_iterator<T, false> &src) { _current = src.getNodePtr(); }
                                                                                         ^
/Users/frthierr/workplace/ft_containers/srcs/iterators/map_iterator.hpp:53:18: note: in instantiation of member function 'ft::map_iterator<int, false>::map_iterator' requested here
                                map_iterator    tmp(*this);
                                                ^
/Users/frthierr/workplace/ft_containers/test/srcs/map/TMap_Constructors.cpp:41:88: note: in instantiation of member function 'ft::map_iterator<int, false>::operator++' requested here
        for (ft::map<int, int>::iterator it = m.begin() ; it != m.end() && it2 != v.end() ; it++, it2++)
                                                                                              ^
In file included from /Users/frthierr/workplace/ft_containers/test/srcs/map/TMap_Constructors.cpp:13:
In file included from /Users/frthierr/workplace/ft_containers/srcs/ft_containers.hpp:42:
/Users/frthierr/workplace/ft_containers/srcs/iterators/map_iterator.hpp:49:16: error: no matching function for call to '_next_node'
                                _current = _next_node(_current);
                                           ^~~~~~~~~~
/Users/frthierr/workplace/ft_containers/srcs/iterators/map_iterator.hpp:54:5: note: in instantiation of member function 'ft::map_iterator<int, false>::operator++' requested here
                                ++(*this);
                                ^
/Users/frthierr/workplace/ft_containers/test/srcs/map/TMap_Constructors.cpp:41:88: note: in instantiation of member function 'ft::map_iterator<int, false>::operator++' requested here
        for (ft::map<int, int>::iterator it = m.begin() ; it != m.end() && it2 != v.end() ; it++, it2++)
                                                                                              ^
/Users/frthierr/workplace/ft_containers/srcs/templates/bst.hpp:47:9: note: candidate template ignored: could not match 'bst<T> *' against 'ft::map_iterator<int, false>::bst' (aka 'bst<int>')
bst<T>* _next_node(bst<T>* node) {
        ^
In file included from /Users/frthierr/workplace/ft_containers/test/srcs/map/TMap_Constructors.cpp:13:
In file included from /Users/frthierr/workplace/ft_containers/srcs/ft_containers.hpp:42:
/Users/frthierr/workplace/ft_containers/srcs/iterators/map_iterator.hpp:46:50: error: member reference type 'const ft::map_iterator<int, false>::bst' (aka 'const bst<int>') is not a pointer; did you mean to use '.'?
                        reference               operator*() const { return _current->content; }
                                                                           ~~~~~~~~^~
                                                                                   .
/Users/frthierr/workplace/ft_containers/test/srcs/map/TMap_Constructors.cpp:42:13: note: in instantiation of member function 'ft::map_iterator<int, false>::operator*' requested here
                EXPECT_EQ(*it, *it2);
                          ^
In file included from /Users/frthierr/workplace/ft_containers/test/srcs/map/TMap_Constructors.cpp:13:
In file included from /Users/frthierr/workplace/ft_containers/srcs/ft_containers.hpp:42:
/Users/frthierr/workplace/ft_containers/srcs/iterators/map_iterator.hpp:46:42: error: binding value of type 'const int' to reference to type 'int' drops 'const' qualifier
                        reference               operator*() const { return _current->content; }
                                                                           ^~~~~~~~~~~~~~~~~
In file included from /Users/frthierr/workplace/ft_containers/test/srcs/map/TMap_Constructors.cpp:14:
/Users/frthierr/workplace/ft_containers/googletest/googletest/include/gtest/gtest.h:1545:11: error: invalid operands to binary expression ('const int' and 'const std::__1::pair<const int, int>')
  if (lhs == rhs) {
      ~~~ ^  ~~~
/Users/frthierr/workplace/ft_containers/googletest/googletest/include/gtest/gtest.h:1564:12: note: in instantiation of function template specialization 'testing::internal::CmpHelperEQ<int, std::__1::pair<const int, int> >' requested here
    return CmpHelperEQ(lhs_expression, rhs_expression, lhs, rhs);
           ^
/Users/frthierr/workplace/ft_containers/test/srcs/map/TMap_Constructors.cpp:42:3: note: in instantiation of function template specialization 'testing::internal::EqHelper::Compare<int, std::__1::pair<const int, int>, nullptr>' requested here
                EXPECT_EQ(*it, *it2);
                ^
/Users/frthierr/workplace/ft_containers/googletest/googletest/include/gtest/gtest.h:2025:54: note: expanded from macro 'EXPECT_EQ'
  EXPECT_PRED_FORMAT2(::testing::internal::EqHelper::Compare, val1, val2)
                                                     ^
/Applications/Xcode.app/Contents/Developer/Toolchains/XcodeDefault.xctoolchain/usr/bin/../include/c++/v1/system_error:391:1: note: candidate function not viable: no known conversion from 'const int' to 'const std::__1::error_code' for 1st argument
operator==(const error_code& __x, const error_code& __y) _NOEXCEPT
^
/Applications/Xcode.app/Contents/Developer/Toolchains/XcodeDefault.xctoolchain/usr/bin/../include/c++/v1/system_error:398:1: note: candidate function not viable: no known conversion from 'const int' to 'const std::__1::error_code' for 1st argument
operator==(const error_code& __x, const error_condition& __y) _NOEXCEPT
^
/Applications/Xcode.app/Contents/Developer/Toolchains/XcodeDefault.xctoolchain/usr/bin/../include/c++/v1/system_error:406:1: note: candidate function not viable: no known conversion from 'const int' to 'const std::__1::error_condition' for 1st argument
operator==(const error_condition& __x, const error_code& __y) _NOEXCEPT
^
/Applications/Xcode.app/Contents/Developer/Toolchains/XcodeDefault.xctoolchain/usr/bin/../include/c++/v1/system_error:413:1: note: candidate function not viable: no known conversion from 'const int' to 'const std::__1::error_condition' for 1st argument
operator==(const error_condition& __x, const error_condition& __y) _NOEXCEPT
^
/Applications/Xcode.app/Contents/Developer/Toolchains/XcodeDefault.xctoolchain/usr/bin/../include/c++/v1/variant:1562:16: note: candidate function not viable: no known conversion from 'const int' to 'std::__1::monostate' for 1st argument
constexpr bool operator==(monostate, monostate) noexcept { return true; }
               ^
/Users/frthierr/workplace/ft_containers/googletest/googletest/include/gtest/gtest.h:1536:13: note: candidate function not viable: no known conversion from 'const int' to 'testing::internal::faketype' for 1st argument
inline bool operator==(faketype, faketype) { return true; }
            ^
/Applications/Xcode.app/Contents/Developer/Toolchains/XcodeDefault.xctoolchain/usr/bin/../include/c++/v1/utility:580:1: note: candidate template ignored: could not match 'pair<type-parameter-0-0, type-parameter-0-1>' against 'const int'
operator==(const pair<_T1,_T2>& __x, const pair<_T1,_T2>& __y)
^
/Applications/Xcode.app/Contents/Developer/Toolchains/XcodeDefault.xctoolchain/usr/bin/../include/c++/v1/iterator:712:1: note: candidate template ignored: could not match 'reverse_iterator<type-parameter-0-0>' against 'const int'
operator==(const reverse_iterator<_Iter1>& __x, const reverse_iterator<_Iter2>& __y)
^
/Applications/Xcode.app/Contents/Developer/Toolchains/XcodeDefault.xctoolchain/usr/bin/../include/c++/v1/iterator:941:1: note: candidate template ignored: could not match 'istream_iterator<type-parameter-0-0, type-parameter-0-1, type-parameter-0-2, type-parameter-0-3>' against 'const int'
operator==(const istream_iterator<_Tp, _CharT, _Traits, _Distance>& __x,
^
/Applications/Xcode.app/Contents/Developer/Toolchains/XcodeDefault.xctoolchain/usr/bin/../include/c++/v1/iterator:1045:6: note: candidate template ignored: could not match 'istreambuf_iterator<type-parameter-0-0, type-parameter-0-1>' against 'const int'
bool operator==(const istreambuf_iterator<_CharT,_Traits>& __a,
     ^
/Applications/Xcode.app/Contents/Developer/Toolchains/XcodeDefault.xctoolchain/usr/bin/../include/c++/v1/iterator:1153:1: note: candidate template ignored: could not match 'move_iterator<type-parameter-0-0>' against 'const int'
operator==(const move_iterator<_Iter1>& __x, const move_iterator<_Iter2>& __y)
^
/Applications/Xcode.app/Contents/Developer/Toolchains/XcodeDefault.xctoolchain/usr/bin/../include/c++/v1/iterator:1451:5: note: candidate template ignored: could not match '__wrap_iter<type-parameter-0-0>' against 'const int'
    operator==(const __wrap_iter<_Iter1>&, const __wrap_iter<_Iter2>&) _NOEXCEPT_DEBUG;
    ^
/Applications/Xcode.app/Contents/Developer/Toolchains/XcodeDefault.xctoolchain/usr/bin/../include/c++/v1/tuple:1122:1: note: candidate template ignored: could not match 'tuple<type-parameter-0-0...>' against 'const int'
operator==(const tuple<_Tp...>& __x, const tuple<_Up...>& __y)
^
/Applications/Xcode.app/Contents/Developer/Toolchains/XcodeDefault.xctoolchain/usr/bin/../include/c++/v1/memory:1987:6: note: candidate template ignored: could not match 'allocator<type-parameter-0-0>' against 'const int'
bool operator==(const allocator<_Tp>&, const allocator<_Up>&) _NOEXCEPT {return true;}
     ^
/Applications/Xcode.app/Contents/Developer/Toolchains/XcodeDefault.xctoolchain/usr/bin/../include/c++/v1/memory:2964:1: note: candidate template ignored: could not match 'unique_ptr<type-parameter-0-0, type-parameter-0-1>' against 'const int'
operator==(const unique_ptr<_T1, _D1>& __x, const unique_ptr<_T2, _D2>& __y) {return __x.get() == __y.get();}
^
/Applications/Xcode.app/Contents/Developer/Toolchains/XcodeDefault.xctoolchain/usr/bin/../include/c++/v1/memory:3000:1: note: candidate template ignored: could not match 'unique_ptr<type-parameter-0-0, type-parameter-0-1>' against 'const int'
operator==(const unique_ptr<_T1, _D1>& __x, nullptr_t) _NOEXCEPT
^
/Applications/Xcode.app/Contents/Developer/Toolchains/XcodeDefault.xctoolchain/usr/bin/../include/c++/v1/memory:3008:1: note: candidate template ignored: could not match 'unique_ptr' against 'pair'
operator==(nullptr_t, const unique_ptr<_T1, _D1>& __x) _NOEXCEPT
^
/Applications/Xcode.app/Contents/Developer/Toolchains/XcodeDefault.xctoolchain/usr/bin/../include/c++/v1/memory:4796:1: note: candidate template ignored: could not match 'shared_ptr<type-parameter-0-0>' against 'const int'
operator==(const shared_ptr<_Tp>& __x, const shared_ptr<_Up>& __y) _NOEXCEPT
^
/Applications/Xcode.app/Contents/Developer/Toolchains/XcodeDefault.xctoolchain/usr/bin/../include/c++/v1/memory:4850:1: note: candidate template ignored: could not match 'shared_ptr<type-parameter-0-0>' against 'const int'
operator==(const shared_ptr<_Tp>& __x, nullptr_t) _NOEXCEPT
^
/Applications/Xcode.app/Contents/Developer/Toolchains/XcodeDefault.xctoolchain/usr/bin/../include/c++/v1/memory:4858:1: note: candidate template ignored: could not match 'shared_ptr' against 'pair'
operator==(nullptr_t, const shared_ptr<_Tp>& __x) _NOEXCEPT
^
/Applications/Xcode.app/Contents/Developer/Toolchains/XcodeDefault.xctoolchain/usr/bin/../include/c++/v1/functional:2380:1: note: candidate template ignored: could not match 'function<type-parameter-0-0 (type-parameter-0-1...)>' against 'const int'
operator==(const function<_Rp(_ArgTypes...)>& __f, nullptr_t) _NOEXCEPT {return !__f;}
^
/Applications/Xcode.app/Contents/Developer/Toolchains/XcodeDefault.xctoolchain/usr/bin/../include/c++/v1/functional:2385:1: note: candidate template ignored: could not match 'function' against 'pair'
operator==(nullptr_t, const function<_Rp(_ArgTypes...)>& __f) _NOEXCEPT {return !__f;}
^
/Applications/Xcode.app/Contents/Developer/Toolchains/XcodeDefault.xctoolchain/usr/bin/../include/c++/v1/string_view:614:6: note: candidate template ignored: could not match 'basic_string_view<type-parameter-0-0, type-parameter-0-1>' against 'int'
bool operator==(basic_string_view<_CharT, _Traits> __lhs,
     ^
/Applications/Xcode.app/Contents/Developer/Toolchains/XcodeDefault.xctoolchain/usr/bin/../include/c++/v1/string_view:623:6: note: candidate template ignored: could not match 'basic_string_view<type-parameter-0-0, type-parameter-0-1>' against 'int'
bool operator==(basic_string_view<_CharT, _Traits> __lhs,
     ^
/Applications/Xcode.app/Contents/Developer/Toolchains/XcodeDefault.xctoolchain/usr/bin/../include/c++/v1/string_view:632:6: note: candidate template ignored: could not match 'basic_string_view' against 'pair'
bool operator==(typename common_type<basic_string_view<_CharT, _Traits> >::type __lhs, 
     ^
/Applications/Xcode.app/Contents/Developer/Toolchains/XcodeDefault.xctoolchain/usr/bin/../include/c++/v1/string:564:6: note: candidate template ignored: could not match 'fpos<type-parameter-0-0>' against 'const int'
bool operator==(const fpos<_StateT>& __x, const fpos<_StateT>& __y)
     ^
/Applications/Xcode.app/Contents/Developer/Toolchains/XcodeDefault.xctoolchain/usr/bin/../include/c++/v1/string:3835:1: note: candidate template ignored: could not match 'basic_string<type-parameter-0-0, type-parameter-0-1, type-parameter-0-2>' against 'const int'
operator==(const basic_string<_CharT, _Traits, _Allocator>& __lhs,
^
/Applications/Xcode.app/Contents/Developer/Toolchains/XcodeDefault.xctoolchain/usr/bin/../include/c++/v1/string:3847:1: note: candidate template ignored: could not match 'basic_string<char, std::__1::char_traits<char>, type-parameter-0-0>' against 'const int'
operator==(const basic_string<char, char_traits<char>, _Allocator>& __lhs,
^
/Applications/Xcode.app/Contents/Developer/Toolchains/XcodeDefault.xctoolchain/usr/bin/../include/c++/v1/string:3866:1: note: candidate template ignored: could not match 'const _CharT *' against 'int'
operator==(const _CharT* __lhs,
^
/Applications/Xcode.app/Contents/Developer/Toolchains/XcodeDefault.xctoolchain/usr/bin/../include/c++/v1/string:3879:1: note: candidate template ignored: could not match 'basic_string<type-parameter-0-0, type-parameter-0-1, type-parameter-0-2>' against 'const int'
operator==(const basic_string<_CharT,_Traits,_Allocator>& __lhs,
^
/Applications/Xcode.app/Contents/Developer/Toolchains/XcodeDefault.xctoolchain/usr/bin/../include/c++/v1/vector:3361:1: note: candidate template ignored: could not match 'vector<type-parameter-0-0, type-parameter-0-1>' against 'const int'
operator==(const vector<_Tp, _Allocator>& __x, const vector<_Tp, _Allocator>& __y)
^
/Applications/Xcode.app/Contents/Developer/Toolchains/XcodeDefault.xctoolchain/usr/bin/../include/c++/v1/optional:1029:1: note: candidate template ignored: could not match 'optional<type-parameter-0-0>' against 'const int'
operator==(const optional<_Tp>& __x, const optional<_Up>& __y)
^
/Applications/Xcode.app/Contents/Developer/Toolchains/XcodeDefault.xctoolchain/usr/bin/../include/c++/v1/optional:1122:1: note: candidate template ignored: could not match 'optional<type-parameter-0-0>' against 'const int'
operator==(const optional<_Tp>& __x, nullopt_t) noexcept
^
/Applications/Xcode.app/Contents/Developer/Toolchains/XcodeDefault.xctoolchain/usr/bin/../include/c++/v1/optional:1130:1: note: candidate template ignored: could not match 'optional' against 'pair'
operator==(nullopt_t, const optional<_Tp>& __x) noexcept
^
/Applications/Xcode.app/Contents/Developer/Toolchains/XcodeDefault.xctoolchain/usr/bin/../include/c++/v1/optional:1223:1: note: candidate template ignored: could not match 'optional<type-parameter-0-0>' against 'const int'
operator==(const optional<_Tp>& __x, const _Up& __v)
^
/Applications/Xcode.app/Contents/Developer/Toolchains/XcodeDefault.xctoolchain/usr/bin/../include/c++/v1/optional:1235:1: note: candidate template ignored: could not match 'optional' against 'pair'
operator==(const _Tp& __v, const optional<_Up>& __x)
^
/Applications/Xcode.app/Contents/Developer/Toolchains/XcodeDefault.xctoolchain/usr/bin/../include/c++/v1/array:372:1: note: candidate template ignored: could not match 'array<type-parameter-0-0, _Size>' against 'const int'
operator==(const array<_Tp, _Size>& __x, const array<_Tp, _Size>& __y)
^
/Applications/Xcode.app/Contents/Developer/Toolchains/XcodeDefault.xctoolchain/usr/bin/../include/c++/v1/variant:1463:16: note: candidate template ignored: could not match 'variant<type-parameter-0-0...>' against 'const int'
constexpr bool operator==(const variant<_Types...>& __lhs,
               ^
/Applications/Xcode.app/Contents/Developer/Toolchains/XcodeDefault.xctoolchain/usr/bin/../include/c++/v1/map:1559:1: note: candidate template ignored: could not match 'map<type-parameter-0-0, type-parameter-0-1, type-parameter-0-2, type-parameter-0-3>' against 'const int'
operator==(const map<_Key, _Tp, _Compare, _Allocator>& __x,
^
/Applications/Xcode.app/Contents/Developer/Toolchains/XcodeDefault.xctoolchain/usr/bin/../include/c++/v1/map:2104:1: note: candidate template ignored: could not match 'multimap<type-parameter-0-0, type-parameter-0-1, type-parameter-0-2, type-parameter-0-3>' against 'const int'
operator==(const multimap<_Key, _Tp, _Compare, _Allocator>& __x,
^
/Applications/Xcode.app/Contents/Developer/Toolchains/XcodeDefault.xctoolchain/usr/bin/../include/c++/v1/set:859:1: note: candidate template ignored: could not match 'set<type-parameter-0-0, type-parameter-0-1, type-parameter-0-2>' against 'const int'
operator==(const set<_Key, _Compare, _Allocator>& __x,
^
/Applications/Xcode.app/Contents/Developer/Toolchains/XcodeDefault.xctoolchain/usr/bin/../include/c++/v1/set:1347:1: note: candidate template ignored: could not match 'multiset<type-parameter-0-0, type-parameter-0-1, type-parameter-0-2>' against 'const int'
operator==(const multiset<_Key, _Compare, _Allocator>& __x,
^
10 errors generated.
make[2]: *** [test/CMakeFiles/gtest_ft_containers.dir/srcs/map/TMap_Constructors.cpp.o] Error 1
make[1]: *** [test/CMakeFiles/gtest_ft_containers.dir/all] Error 2
make: *** [all] Error 2
